17:15:04.917 [main] INFO  api.test.UserTest - ************** Creating User *****************
17:15:06.800 [main] INFO  api.test.UserTest - ************** User Is Created *****************
17:15:06.808 [main] INFO  api.test.UserTest - ************** Reading User *****************
17:15:07.255 [main] INFO  api.test.UserTest - ************** User Info Is Displayed *****************
17:15:07.258 [main] INFO  api.test.UserTest - ************** Updating User *****************
17:15:07.695 [main] INFO  api.test.UserTest - ************** User is Updating *****************
17:15:08.136 [main] INFO  api.test.UserTest - ************** Deleting User *****************
17:15:08.598 [main] INFO  api.test.UserTest - ************** User Is Deleted *****************
17:16:43.597 [main] INFO  api.test.UserTest - ************** Creating User *****************
17:16:44.999 [main] INFO  api.test.UserTest - ************** User Is Created *****************
17:16:45.005 [main] INFO  api.test.UserTest - ************** Reading User *****************
17:16:45.430 [main] INFO  api.test.UserTest - ************** User Info Is Displayed *****************
17:16:45.433 [main] INFO  api.test.UserTest - ************** Updating User *****************
17:16:45.862 [main] INFO  api.test.UserTest - ************** User is Updating *****************
17:16:46.278 [main] INFO  api.test.UserTest - ************** Deleting User *****************
17:16:46.735 [main] INFO  api.test.UserTest - ************** User Is Deleted *****************
17:22:54.240 [main] DEBUG api.test.UserTest - debuggin..............
17:22:54.247 [main] INFO  api.test.UserTest - ************** Creating User *****************
17:22:55.712 [main] INFO  api.test.UserTest - ************** User Is Created *****************
17:22:55.718 [main] INFO  api.test.UserTest - ************** Reading User *****************
17:22:56.141 [main] INFO  api.test.UserTest - ************** User Info Is Displayed *****************
17:22:56.144 [main] INFO  api.test.UserTest - ************** Updating User *****************
17:22:56.571 [main] INFO  api.test.UserTest - ************** User is Updating *****************
17:22:57.012 [main] INFO  api.test.UserTest - ************** Deleting User *****************
17:22:57.440 [main] INFO  api.test.UserTest - ************** User Is Deleted *****************
18:18:33.088 [main] DEBUG api.test.UserTest - debuggin..............
18:18:33.095 [main] DEBUG api.test.UserTest - debuggin..............
18:18:33.095 [main] INFO  api.test.UserTest - ************** Creating User *****************
18:18:34.277 [main] INFO  api.test.UserTest - ************** User Is Created *****************
18:18:34.282 [main] INFO  api.test.UserTest - ************** Reading User *****************
18:18:34.727 [main] INFO  api.test.UserTest - ************** User Info Is Displayed *****************
18:18:34.731 [main] INFO  api.test.UserTest - ************** Updating User *****************
18:18:35.177 [main] INFO  api.test.UserTest - ************** User is Updating *****************
18:18:35.613 [main] INFO  api.test.UserTest - ************** Deleting User *****************
18:18:36.060 [main] INFO  api.test.UserTest - ************** User Is Deleted *****************
18:21:15.447 [main] DEBUG api.test.UserTest - debuggin..............
18:21:15.453 [main] INFO  api.test.UserTest - ************** Creating User *****************
18:21:16.935 [main] INFO  api.test.UserTest - ************** User Is Created *****************
18:21:16.941 [main] INFO  api.test.UserTest - ************** Reading User *****************
18:21:17.386 [main] INFO  api.test.UserTest - ************** User Info Is Displayed *****************
18:21:17.389 [main] INFO  api.test.UserTest - ************** Updating User *****************
18:21:17.817 [main] INFO  api.test.UserTest - ************** User is Updating *****************
18:21:18.251 [main] INFO  api.test.UserTest - ************** Deleting User *****************
18:21:18.677 [main] INFO  api.test.UserTest - ************** User Is Deleted *****************
19:36:00.967 [main] DEBUG api.test.UserTest2 - debuggin..............
19:36:00.975 [main] INFO  api.test.UserTest2 - ************** Creating User *****************
19:36:02.410 [main] INFO  api.test.UserTest2 - ************** User Is Created *****************
19:36:02.416 [main] INFO  api.test.UserTest2 - ************** Reading User *****************
19:36:02.856 [main] INFO  api.test.UserTest2 - ************** User Info Is Displayed *****************
19:36:02.866 [main] INFO  api.test.UserTest2 - ************** Updating User *****************
19:36:03.328 [main] INFO  api.test.UserTest2 - ************** User is Updating *****************
19:36:03.780 [main] INFO  api.test.UserTest2 - ************** Deleting User *****************
19:36:04.221 [main] INFO  api.test.UserTest2 - ************** User Is Deleted *****************
20:41:18.520 [main] DEBUG api.test.UserTest - debuggin..............
20:41:18.525 [main] INFO  api.test.UserTest - ************** Creating User *****************
20:41:19.960 [main] INFO  api.test.UserTest - ************** User Is Created *****************
20:41:19.962 [main] INFO  api.test.UserTest - ************** Reading User *****************
20:41:20.412 [main] INFO  api.test.UserTest - ************** User Info Is Displayed *****************
20:41:20.413 [main] INFO  api.test.UserTest - ************** Updating User *****************
20:41:20.919 [main] INFO  api.test.UserTest - ************** User is Updating *****************
20:41:21.365 [main] INFO  api.test.UserTest - ************** Deleting User *****************
20:41:21.839 [main] INFO  api.test.UserTest - ************** User Is Deleted *****************
20:46:28.992 [main] DEBUG api.test.UserTest - debuggin..............
20:46:28.997 [main] INFO  api.test.UserTest - ************** Creating User *****************
20:46:30.251 [main] INFO  api.test.UserTest - ************** User Is Created *****************
20:46:30.253 [main] INFO  api.test.UserTest - ************** Reading User *****************
20:46:30.697 [main] INFO  api.test.UserTest - ************** User Info Is Displayed *****************
20:46:30.698 [main] INFO  api.test.UserTest - ************** Updating User *****************
20:46:31.135 [main] INFO  api.test.UserTest - ************** User is Updating *****************
20:46:31.589 [main] INFO  api.test.UserTest - ************** Deleting User *****************
20:46:32.048 [main] INFO  api.test.UserTest - ************** User Is Deleted *****************
20:51:39.384 [main] DEBUG api.test.UserTest2 - debuggin..............
20:51:39.389 [main] INFO  api.test.UserTest2 - ************** Creating User *****************
20:51:40.739 [main] INFO  api.test.UserTest2 - ************** User Is Created *****************
20:51:40.744 [main] INFO  api.test.UserTest2 - ************** Reading User *****************
20:51:41.205 [main] INFO  api.test.UserTest2 - ************** User Info Is Displayed *****************
20:51:41.207 [main] INFO  api.test.UserTest2 - ************** Updating User *****************
20:51:41.647 [main] INFO  api.test.UserTest2 - ************** User is Updating *****************
20:51:42.077 [main] INFO  api.test.UserTest2 - ************** Deleting User *****************
20:51:42.510 [main] INFO  api.test.UserTest2 - ************** User Is Deleted *****************
21:07:07.246 [main] DEBUG api.test.UserTest2 - debuggin..............
21:07:07.268 [main] INFO  api.test.UserTest2 - ************** Creating User *****************
21:07:11.139 [main] INFO  api.test.UserTest2 - ************** User Is Created *****************
21:07:11.191 [main] INFO  api.test.UserTest2 - ************** Reading User *****************
21:07:11.789 [main] INFO  api.test.UserTest2 - ************** User Info Is Displayed *****************
21:07:11.795 [main] INFO  api.test.UserTest2 - ************** Updating User *****************
21:07:12.294 [main] INFO  api.test.UserTest2 - ************** User is Updating *****************
21:07:12.772 [main] INFO  api.test.UserTest2 - ************** Deleting User *****************
21:07:13.263 [main] INFO  api.test.UserTest2 - ************** User Is Deleted *****************
21:08:49.524 [main] DEBUG api.test.UserTest2 - debuggin..............
21:08:49.544 [main] INFO  api.test.UserTest2 - ************** Creating User *****************
21:08:53.237 [main] INFO  api.test.UserTest2 - ************** User Is Created *****************
21:08:53.280 [main] INFO  api.test.UserTest2 - ************** Reading User *****************
21:08:53.862 [main] INFO  api.test.UserTest2 - ************** User Info Is Displayed *****************
21:08:53.869 [main] INFO  api.test.UserTest2 - ************** Updating User *****************
21:08:54.362 [main] INFO  api.test.UserTest2 - ************** User is Updating *****************
21:08:54.861 [main] INFO  api.test.UserTest2 - ************** Deleting User *****************
21:08:55.338 [main] INFO  api.test.UserTest2 - ************** User Is Deleted *****************
23:00:33.046 [main] DEBUG api.test.UserTest - debuggin..............
23:00:33.051 [main] INFO  api.test.UserTest - ************** Creating User *****************
23:00:34.224 [main] INFO  api.test.UserTest - ************** User Is Created *****************
23:00:34.228 [main] INFO  api.test.UserTest - ************** Reading User *****************
23:00:34.681 [main] INFO  api.test.UserTest - ************** User Info Is Displayed *****************
23:00:34.683 [main] INFO  api.test.UserTest - ************** Updating User *****************
23:00:35.111 [main] INFO  api.test.UserTest - ************** User is Updating *****************
23:00:35.551 [main] INFO  api.test.UserTest - ************** Deleting User *****************
23:00:35.995 [main] INFO  api.test.UserTest - ************** User Is Deleted *****************
23:02:38.976 [main] DEBUG api.test.UserTest - debuggin..............
23:02:38.982 [main] INFO  api.test.UserTest - ************** Creating User *****************
23:02:40.283 [main] INFO  api.test.UserTest - ************** User Is Created *****************
23:02:40.287 [main] INFO  api.test.UserTest - ************** Reading User *****************
23:02:40.754 [main] INFO  api.test.UserTest - ************** User Info Is Displayed *****************
23:02:40.756 [main] INFO  api.test.UserTest - ************** Updating User *****************
23:02:41.208 [main] INFO  api.test.UserTest - ************** User is Updating *****************
23:02:41.673 [main] INFO  api.test.UserTest - ************** Deleting User *****************
23:02:42.129 [main] INFO  api.test.UserTest - ************** User Is Deleted *****************
